2024-01-20 15:50:41,311 INFO o.a.j.u.JMeterUtils: Setting Locale to en_EN
2024-01-20 15:50:41,321 INFO o.a.j.JMeter: Loading user properties from: /opt/homebrew/Cellar/jmeter/5.6.3/libexec/bin/user.properties
2024-01-20 15:50:41,322 INFO o.a.j.JMeter: Loading system properties from: /opt/homebrew/Cellar/jmeter/5.6.3/libexec/bin/system.properties
2024-01-20 15:50:41,322 INFO o.a.j.JMeter: Setting JMeter property: threads=10
2024-01-20 15:50:41,324 INFO o.a.j.JMeter: Copyright (c) 1998-2024 The Apache Software Foundation
2024-01-20 15:50:41,325 INFO o.a.j.JMeter: Version 5.6.3
2024-01-20 15:50:41,325 INFO o.a.j.JMeter: java.version=21.0.1
2024-01-20 15:50:41,325 INFO o.a.j.JMeter: java.vm.name=OpenJDK 64-Bit Server VM
2024-01-20 15:50:41,325 INFO o.a.j.JMeter: os.name=Mac OS X
2024-01-20 15:50:41,325 INFO o.a.j.JMeter: os.arch=aarch64
2024-01-20 15:50:41,325 INFO o.a.j.JMeter: os.version=13.5.2
2024-01-20 15:50:41,325 INFO o.a.j.JMeter: file.encoding=UTF-8
2024-01-20 15:50:41,325 INFO o.a.j.JMeter: java.awt.headless=true
2024-01-20 15:50:41,325 INFO o.a.j.JMeter: Max memory     =1073741824
2024-01-20 15:50:41,325 INFO o.a.j.JMeter: Available Processors =8
2024-01-20 15:50:41,329 INFO o.a.j.JMeter: Default Locale=English (EN)
2024-01-20 15:50:41,330 INFO o.a.j.JMeter: JMeter  Locale=English (EN)
2024-01-20 15:50:41,330 INFO o.a.j.JMeter: JMeterHome=/opt/homebrew/Cellar/jmeter/5.6.3/libexec
2024-01-20 15:50:41,330 INFO o.a.j.JMeter: user.dir  =/Users/apetrova/Documents/examples
2024-01-20 15:50:41,330 INFO o.a.j.JMeter: PWD       =/Users/apetrova/Documents/examples
2024-01-20 15:50:41,344 INFO o.a.j.JMeter: IP: 192.168.31.46 Name: KBP1-LMC-A16051 FullName: 192.168.31.46
2024-01-20 15:50:41,352 INFO o.a.j.s.FileServer: Default base='/Users/apetrova/Documents/examples'
2024-01-20 15:50:41,353 INFO o.a.j.s.FileServer: Set new base='/Users/apetrova/Documents/examples'
2024-01-20 15:50:41,449 INFO o.a.j.s.SaveService: Testplan (JMX) version: 2.2. Testlog (JTL) version: 2.2
2024-01-20 15:50:41,474 INFO o.a.j.s.SaveService: Using SaveService properties version 5.0
2024-01-20 15:50:41,476 INFO o.a.j.s.SaveService: Using SaveService properties file encoding UTF-8
2024-01-20 15:50:41,478 INFO o.a.j.s.SaveService: Loading file: /Users/apetrova/Documents/examples/Pets Types.jmx
2024-01-20 15:50:41,501 INFO o.a.j.p.h.c.CookieManager: Settings: Delete null: true Check: true Allow variable: true Save: false Prefix: COOKIE_
2024-01-20 15:50:41,514 INFO o.a.j.p.h.s.HTTPSamplerBase: Parser for text/html is org.apache.jmeter.protocol.http.parser.LagartoBasedHtmlParser
2024-01-20 15:50:41,514 INFO o.a.j.p.h.s.HTTPSamplerBase: Parser for application/xhtml+xml is org.apache.jmeter.protocol.http.parser.LagartoBasedHtmlParser
2024-01-20 15:50:41,514 INFO o.a.j.p.h.s.HTTPSamplerBase: Parser for application/xml is org.apache.jmeter.protocol.http.parser.LagartoBasedHtmlParser
2024-01-20 15:50:41,514 INFO o.a.j.p.h.s.HTTPSamplerBase: Parser for text/xml is org.apache.jmeter.protocol.http.parser.LagartoBasedHtmlParser
2024-01-20 15:50:41,515 INFO o.a.j.p.h.s.HTTPSamplerBase: Parser for text/vnd.wap.wml is org.apache.jmeter.protocol.http.parser.RegexpHTMLParser
2024-01-20 15:50:41,515 INFO o.a.j.p.h.s.HTTPSamplerBase: Parser for text/css is org.apache.jmeter.protocol.http.parser.CssParser
2024-01-20 15:50:41,524 INFO o.a.j.s.SampleResult: Note: Sample TimeStamps are START times
2024-01-20 15:50:41,524 INFO o.a.j.s.SampleResult: sampleresult.default.encoding is set to UTF-8
2024-01-20 15:50:41,524 INFO o.a.j.s.SampleResult: sampleresult.useNanoTime=true
2024-01-20 15:50:41,524 INFO o.a.j.s.SampleResult: sampleresult.nanoThreadSleep=5000
2024-01-20 15:50:41,531 INFO o.a.j.JMeter: Creating summariser <summary>
2024-01-20 15:50:41,536 INFO o.a.j.e.StandardJMeterEngine: Running the test!
2024-01-20 15:50:41,536 INFO o.a.j.s.SampleEvent: List of sample_variables: []
2024-01-20 15:50:41,536 INFO o.a.j.s.SampleEvent: List of sample_variables: []
2024-01-20 15:50:41,538 INFO o.a.j.e.u.CompoundVariable: Note: Function class names must contain the string: '.functions.'
2024-01-20 15:50:41,538 INFO o.a.j.e.u.CompoundVariable: Note: Function class names must not contain the string: '.gui.'
2024-01-20 15:50:41,568 INFO o.a.j.r.ClassFinder: Will scan jar /opt/homebrew/Cellar/jmeter/5.6.3/libexec/lib/ext/jmeter-plugins-manager-1.9.jar with filter ExtendsClassFilter [parents=[interface org.apache.jmeter.functions.Function], inner=false, contains=null, notContains=null]. Consider exposing JMeter plugins via META-INF/services, and add JMeter-Skip-Class-Scanning=true manifest attribute so JMeter can skip classfile scanning
2024-01-20 15:50:41,646 INFO o.a.j.v.b.BackendListener: Backend Listener: Starting worker with class: class org.apache.jmeter.visualizers.backend.graphite.GraphiteBackendListenerClient and queue capacity: 5000
2024-01-20 15:50:41,647 INFO o.a.j.v.b.BackendListener: Backend Listener: Started  worker with class: class org.apache.jmeter.visualizers.backend.graphite.GraphiteBackendListenerClient
2024-01-20 15:50:41,658 INFO o.a.j.v.b.g.TextGraphiteMetricsSender: Created TextGraphiteMetricsSender with host: , port: 2003, prefix: jmeter.
2024-01-20 15:50:41,659 INFO o.a.j.JMeter: Running test (1705758641659)
2024-01-20 15:50:41,669 INFO o.a.j.e.StandardJMeterEngine: Starting ThreadGroup: 1 : Pets Types
2024-01-20 15:50:41,669 INFO o.a.j.e.StandardJMeterEngine: Starting 10 threads for group Pets Types.
2024-01-20 15:50:41,669 INFO o.a.j.e.StandardJMeterEngine: Thread will continue on error
2024-01-20 15:50:41,669 INFO o.a.j.t.ThreadGroup: Starting thread group... number=1 threads=10 ramp-up=1 delayedStart=false
2024-01-20 15:50:41,673 INFO o.a.j.t.JMeterThread: Thread started: Pets Types 1-1
2024-01-20 15:50:41,673 INFO o.a.j.t.ThreadGroup: Started thread group number 1
2024-01-20 15:50:41,673 INFO o.a.j.e.StandardJMeterEngine: All thread groups have been started
2024-01-20 15:50:41,680 INFO o.a.j.p.h.s.HTTPHCAbstractImpl: Local host = KBP1-LMC-A16051
2024-01-20 15:50:41,684 INFO o.a.j.p.h.s.HTTPHC4Impl: HTTP request retry count = 0
2024-01-20 15:50:41,742 INFO o.a.j.t.JMeterThread: Thread is done: Pets Types 1-1
2024-01-20 15:50:41,742 INFO o.a.j.t.JMeterThread: Thread finished: Pets Types 1-1
2024-01-20 15:50:41,776 INFO o.a.j.t.JMeterThread: Thread started: Pets Types 1-2
2024-01-20 15:50:41,782 INFO o.a.j.t.JMeterThread: Thread is done: Pets Types 1-2
2024-01-20 15:50:41,782 INFO o.a.j.t.JMeterThread: Thread finished: Pets Types 1-2
2024-01-20 15:50:41,873 INFO o.a.j.t.JMeterThread: Thread started: Pets Types 1-3
2024-01-20 15:50:41,878 INFO o.a.j.t.JMeterThread: Thread is done: Pets Types 1-3
2024-01-20 15:50:41,879 INFO o.a.j.t.JMeterThread: Thread finished: Pets Types 1-3
2024-01-20 15:50:41,974 INFO o.a.j.t.JMeterThread: Thread started: Pets Types 1-4
2024-01-20 15:50:41,982 INFO o.a.j.t.JMeterThread: Thread is done: Pets Types 1-4
2024-01-20 15:50:41,982 INFO o.a.j.t.JMeterThread: Thread finished: Pets Types 1-4
2024-01-20 15:50:42,075 INFO o.a.j.t.JMeterThread: Thread started: Pets Types 1-5
2024-01-20 15:50:42,088 INFO o.a.j.t.JMeterThread: Thread is done: Pets Types 1-5
2024-01-20 15:50:42,088 INFO o.a.j.t.JMeterThread: Thread finished: Pets Types 1-5
2024-01-20 15:50:42,175 INFO o.a.j.t.JMeterThread: Thread started: Pets Types 1-6
2024-01-20 15:50:42,185 INFO o.a.j.t.JMeterThread: Thread is done: Pets Types 1-6
2024-01-20 15:50:42,185 INFO o.a.j.t.JMeterThread: Thread finished: Pets Types 1-6
2024-01-20 15:50:42,271 INFO o.a.j.t.JMeterThread: Thread started: Pets Types 1-7
2024-01-20 15:50:42,280 INFO o.a.j.t.JMeterThread: Thread is done: Pets Types 1-7
2024-01-20 15:50:42,280 INFO o.a.j.t.JMeterThread: Thread finished: Pets Types 1-7
2024-01-20 15:50:42,374 INFO o.a.j.t.JMeterThread: Thread started: Pets Types 1-8
2024-01-20 15:50:42,384 INFO o.a.j.t.JMeterThread: Thread is done: Pets Types 1-8
2024-01-20 15:50:42,384 INFO o.a.j.t.JMeterThread: Thread finished: Pets Types 1-8
2024-01-20 15:50:42,475 INFO o.a.j.t.JMeterThread: Thread started: Pets Types 1-9
2024-01-20 15:50:42,483 INFO o.a.j.t.JMeterThread: Thread is done: Pets Types 1-9
2024-01-20 15:50:42,483 INFO o.a.j.t.JMeterThread: Thread finished: Pets Types 1-9
2024-01-20 15:50:42,575 INFO o.a.j.t.JMeterThread: Thread started: Pets Types 1-10
2024-01-20 15:50:42,587 INFO o.a.j.t.JMeterThread: Thread is done: Pets Types 1-10
2024-01-20 15:50:42,588 INFO o.a.j.t.JMeterThread: Thread finished: Pets Types 1-10
2024-01-20 15:50:42,589 INFO o.a.j.e.StandardJMeterEngine: Notifying test listeners of end of test
2024-01-20 15:50:42,589 INFO o.a.j.v.b.BackendListener: Worker ended
2024-01-20 15:50:42,611 ERROR o.a.j.v.b.g.TextGraphiteMetricsSender: Error writing to Graphite: Connection refused
java.net.ConnectException: Connection refused
	at java.base/sun.nio.ch.Net.pollConnect(Native Method) ~[?:?]
	at java.base/sun.nio.ch.Net.pollConnectNow(Net.java:682) ~[?:?]
	at java.base/sun.nio.ch.NioSocketImpl.timedFinishConnect(NioSocketImpl.java:542) ~[?:?]
	at java.base/sun.nio.ch.NioSocketImpl.connect(NioSocketImpl.java:592) ~[?:?]
	at java.base/java.net.SocksSocketImpl.connect(SocksSocketImpl.java:327) ~[?:?]
	at java.base/java.net.Socket.connect(Socket.java:751) ~[?:?]
	at org.apache.jmeter.visualizers.backend.graphite.SocketOutputStreamPoolFactory.create(SocketOutputStreamPoolFactory.java:76) ~[ApacheJMeter_components.jar:5.6.3]
	at org.apache.jmeter.visualizers.backend.graphite.SocketOutputStreamPoolFactory.makeObject(SocketOutputStreamPoolFactory.java:47) ~[ApacheJMeter_components.jar:5.6.3]
	at org.apache.jmeter.visualizers.backend.graphite.SocketOutputStreamPoolFactory.makeObject(SocketOutputStreamPoolFactory.java:33) ~[ApacheJMeter_components.jar:5.6.3]
	at org.apache.commons.pool2.impl.GenericKeyedObjectPool.create(GenericKeyedObjectPool.java:796) ~[commons-pool2-2.12.0.jar:2.12.0]
	at org.apache.commons.pool2.impl.GenericKeyedObjectPool.borrowObject(GenericKeyedObjectPool.java:444) ~[commons-pool2-2.12.0.jar:2.12.0]
	at org.apache.commons.pool2.impl.GenericKeyedObjectPool.borrowObject(GenericKeyedObjectPool.java:355) ~[commons-pool2-2.12.0.jar:2.12.0]
	at org.apache.jmeter.visualizers.backend.graphite.TextGraphiteMetricsSender.writeMetrics(TextGraphiteMetricsSender.java:110) ~[ApacheJMeter_components.jar:5.6.3]
	at org.apache.jmeter.visualizers.backend.graphite.TextGraphiteMetricsSender.writeAndSendMetrics(TextGraphiteMetricsSender.java:104) ~[ApacheJMeter_components.jar:5.6.3]
	at org.apache.jmeter.visualizers.backend.graphite.GraphiteBackendListenerClient.sendMetrics(GraphiteBackendListenerClient.java:186) ~[ApacheJMeter_components.jar:5.6.3]
	at org.apache.jmeter.visualizers.backend.graphite.GraphiteBackendListenerClient.teardownTest(GraphiteBackendListenerClient.java:367) ~[ApacheJMeter_components.jar:5.6.3]
	at org.apache.jmeter.visualizers.backend.BackendListener.testEnded(BackendListener.java:375) ~[ApacheJMeter_components.jar:5.6.3]
	at org.apache.jmeter.visualizers.backend.BackendListener.testEnded(BackendListener.java:383) ~[ApacheJMeter_components.jar:5.6.3]
	at org.apache.jmeter.engine.StandardJMeterEngine.notifyTestListenersOfEnd(StandardJMeterEngine.java:266) ~[ApacheJMeter_core.jar:5.6.3]
	at org.apache.jmeter.engine.StandardJMeterEngine.run(StandardJMeterEngine.java:543) ~[ApacheJMeter_core.jar:5.6.3]
	at java.base/java.util.concurrent.Executors$RunnableAdapter.call(Executors.java:572) ~[?:?]
	at java.base/java.util.concurrent.FutureTask.run(FutureTask.java:317) ~[?:?]
	at java.base/java.util.concurrent.ThreadPoolExecutor.runWorker(ThreadPoolExecutor.java:1144) ~[?:?]
	at java.base/java.util.concurrent.ThreadPoolExecutor$Worker.run(ThreadPoolExecutor.java:642) ~[?:?]
	at java.base/java.lang.Thread.run(Thread.java:1583) [?:?]
2024-01-20 15:50:42,622 INFO o.a.j.r.Summariser: summary =     10 in 00:00:01 =   10.4/s Avg:     8 Min:     4 Max:    34 Err:     0 (0.00%)
